<?xml version="1.0" encoding="UTF-8"?>
<!-- Generated by org.testng.reporters.JUnitReportReporter -->
<testsuite hostname="Bharats-MacBook-Pro.local" name="dd_test.Texts" tests="1" failures="0" timestamp="12 Jun 2016 19:25:59 GMT" time="0.013" errors="0">
  <testcase name="texts" time="0.013" classname="dd_test.Texts"/>
</testsuite> <!-- dd_test.Texts -->
