<?xml version="1.0" encoding="UTF-8"?>
<!-- Generated by org.testng.reporters.JUnitReportReporter -->
<testsuite hostname="Bharats-MacBook-Pro.local" name="dd_test.AllLinks" tests="1" failures="0" timestamp="12 Jun 2016 19:25:59 GMT" time="1.495" errors="0">
  <testcase name="allLinks" time="1.495" classname="dd_test.AllLinks"/>
</testsuite> <!-- dd_test.AllLinks -->
