<?xml version="1.0" encoding="UTF-8"?>
<!-- Generated by org.testng.reporters.JUnitReportReporter -->
<testsuite hostname="Bharats-MacBook-Pro.local" name="dd_test.DropDowns" tests="1" failures="0" timestamp="12 Jun 2016 19:25:59 GMT" time="3.998" errors="0">
  <testcase name="dropDowns" time="3.998" classname="dd_test.DropDowns"/>
</testsuite> <!-- dd_test.DropDowns -->
